Determining if the pthread_create exist failed with the following output:
Change Dir: /home/siddharth/ClionProjects/VulkanEngine/cmake-build-debug/CMakeFiles/CMakeTmp

Run Build Command:"/usr/bin/make" "cmTC_88526/fast"
/usr/bin/make -f CMakeFiles/cmTC_88526.dir/build.make CMakeFiles/cmTC_88526.dir/build
make[1]: Entering directory '/home/siddharth/ClionProjects/VulkanEngine/cmake-build-debug/CMakeFiles/CMakeTmp'
Building C object CMakeFiles/cmTC_88526.dir/CheckSymbolExists.c.o
/usr/bin/cc     -o CMakeFiles/cmTC_88526.dir/CheckSymbolExists.c.o   -c /home/siddharth/ClionProjects/VulkanEngine/cmake-build-debug/CMakeFiles/CMakeTmp/CheckSymbolExists.c
Linking C executable cmTC_88526
/home/siddharth/Packages/clion-2016.2.3/bin/cmake/bin/cmake -E cmake_link_script CMakeFiles/cmTC_88526.dir/link.txt --verbose=1
/usr/bin/cc       CMakeFiles/cmTC_88526.dir/CheckSymbolExists.c.o  -o cmTC_88526 -rdynamic 
CMakeFiles/cmTC_88526.dir/CheckSymbolExists.c.o: In function `main':
CheckSymbolExists.c:(.text+0x16): undefined reference to `pthread_create'
collect2: error: ld returned 1 exit status
make[1]: *** [CMakeFiles/cmTC_88526.dir/build.make:98: cmTC_88526] Error 1
make[1]: Leaving directory '/home/siddharth/ClionProjects/VulkanEngine/cmake-build-debug/CMakeFiles/CMakeTmp'
make: *** [Makefile:126: cmTC_88526/fast] Error 2

File /home/siddharth/ClionProjects/VulkanEngine/cmake-build-debug/CMakeFiles/CMakeTmp/CheckSymbolExists.c:
/* */
#include <pthread.h>

int main(int argc, char** argv)
{
  (void)argv;
#ifndef pthread_create
  return ((int*)(&pthread_create))[argc];
#else
  (void)argc;
  return 0;
#endif
}

Determining if the function pthread_create exists in the pthreads failed with the following output:
Change Dir: /home/siddharth/ClionProjects/VulkanEngine/cmake-build-debug/CMakeFiles/CMakeTmp

Run Build Command:"/usr/bin/make" "cmTC_9df82/fast"
/usr/bin/make -f CMakeFiles/cmTC_9df82.dir/build.make CMakeFiles/cmTC_9df82.dir/build
make[1]: Entering directory '/home/siddharth/ClionProjects/VulkanEngine/cmake-build-debug/CMakeFiles/CMakeTmp'
Building C object CMakeFiles/cmTC_9df82.dir/CheckFunctionExists.c.o
/usr/bin/cc    -DCHECK_FUNCTION_EXISTS=pthread_create   -o CMakeFiles/cmTC_9df82.dir/CheckFunctionExists.c.o   -c /home/siddharth/Packages/clion-2016.2.3/bin/cmake/share/cmake-3.6/Modules/CheckFunctionExists.c
Linking C executable cmTC_9df82
/home/siddharth/Packages/clion-2016.2.3/bin/cmake/bin/cmake -E cmake_link_script CMakeFiles/cmTC_9df82.dir/link.txt --verbose=1
/usr/bin/cc   -DCHECK_FUNCTION_EXISTS=pthread_create    CMakeFiles/cmTC_9df82.dir/CheckFunctionExists.c.o  -o cmTC_9df82 -rdynamic -lpthreads 
/usr/bin/ld: cannot find -lpthreads
collect2: error: ld returned 1 exit status
make[1]: *** [CMakeFiles/cmTC_9df82.dir/build.make:98: cmTC_9df82] Error 1
make[1]: Leaving directory '/home/siddharth/ClionProjects/VulkanEngine/cmake-build-debug/CMakeFiles/CMakeTmp'
make: *** [Makefile:126: cmTC_9df82/fast] Error 2


